{"created": 1756368103.728271, "duration": 351.2544438838959, "exitcode": 1, "root": "C:\\Users\\kjeon\\OneDrive\\Desktop\\QA\\Bay", "environment": {}, "summary": {"failed": 3, "total": 3, "collected": 3}, "collectors": [{"nodeid": "", "outcome": "passed", "result": [{"nodeid": "tests/test_Bay_order_status_batch.py", "type": "Module"}]}, {"nodeid": "tests/test_Bay_order_status_batch.py", "outcome": "passed", "result": [{"nodeid": "tests/test_Bay_order_status_batch.py::test_cancel_batch_history", "type": "Function", "lineno": 82}, {"nodeid": "tests/test_Bay_order_status_batch.py::test_receive_without_tracking", "type": "Function", "lineno": 167}, {"nodeid": "tests/test_Bay_order_status_batch.py::test_receive_with_tracking", "type": "Function", "lineno": 277}]}], "tests": [{"nodeid": "tests/test_Bay_order_status_batch.py::test_cancel_batch_history", "lineno": 82, "outcome": "failed", "keywords": ["test_cancel_batch_history", "test_Bay_order_status_batch.py", "tests", "Bay", ""], "setup": {"duration": 0.775838500005193, "outcome": "passed"}, "call": {"duration": 116.97356330009643, "outcome": "failed", "crash": {"path": "C:\\Users\\kjeon\\OneDrive\\Desktop\\QA\\Bay\\helpers\\order_status_utils.py", "lineno": 243, "message": "AssertionError: Locator expected to be visible\nActual value: <element(s) not found> \nCall log:\n  - LocatorAssertions.to_be_visible with timeout 100000ms\n  -   - waiting for locator(\"data-testid=history\")"}, "traceback": [{"path": "tests\\test_Bay_order_status_batch.py", "lineno": 89, "message": ""}, {"path": "helpers\\order_status_utils.py", "lineno": 243, "message": "AssertionError"}], "longrepr": "page = <Page url='https://stg.bay.centurion.ai.kr/orders/history?start_date=2025-08-28&end_date=2025-08-28&order_status=PENDING&product_name=%EC%9E%90%EB%8F%99%ED%99%94%EC%A0%9C%ED%92%88_3&page=1'>\n\n    def test_cancel_batch_history(page:Page):\n    \n        bay_login(page)\n        page.goto(URLS[\"bay_orderList\"])\n        page.wait_for_timeout(2000)\n    \n>       search_order_history(page, product_list[2],\"\ubc1c\uc8fc \uc694\uccad\")\n\ntests\\test_Bay_order_status_batch.py:89: \n_ _ _ _ _ _ _ _ _ _ _ _ _ _ _ _ _ _ _ _ _ _ _ _ _ _ _ _ _ _ _ _ _ _ _ _ _ _ _ _\n\npage = <Page url='https://stg.bay.centurion.ai.kr/orders/history?start_date=2025-08-28&end_date=2025-08-28&order_status=PENDING&product_name=%EC%9E%90%EB%8F%99%ED%99%94%EC%A0%9C%ED%92%88_3&page=1'>\nproduct_name = '\uc790\ub3d9\ud654\uc81c\ud488_3', status = '\ubc1c\uc8fc \uc694\uccad'\n\n    def search_order_history(page:Page, product_name: str, status:str):\n        today_btn_id = datetime.now().strftime(\"btn_day_%m%d\")  # \uc608: btn_day_0710\n        # \uc2dc\uc791\uc77c \uc120\ud0dd\n        page.locator(\"[data-testid=select_startday]\").click()\n        page.wait_for_timeout(1000)\n        page.locator(f\"[data-testid={today_btn_id}]\").click()\n        page.wait_for_timeout(1000)\n        # \uc885\ub8cc\uc77c \uc120\ud0dd\n        page.locator(\"[data-testid=select_endday]\").click()\n        page.wait_for_timeout(1000)\n        page.locator(f\"[data-testid={today_btn_id}]\").click()\n        page.wait_for_timeout(1000)\n        # \uc0c1\ud0dc \uc120\ud0dd\n        expect(page.locator(\"data-testid=drop_status_trigger\")).to_be_visible(timeout=8000)\n        page.locator(\"data-testid=drop_status_trigger\").click()\n        expect(page.locator(\"data-testid=drop_status_item\")).to_be_visible(timeout=5000)\n        page.locator('[role=\"option\"]').filter(has_text=status).click()\n        page.wait_for_timeout(1000)\n        # \uc81c\ud488\uba85 \uc785\ub825\n        page.locator(\"data-testid=input_search\").fill(product_name)\n        page.wait_for_timeout(1000)\n        # \uac80\uc0c9 \ubc84\ud2bc \ud074\ub9ad\n        page.locator(\"[data-testid=btn_search]\").click()\n        page.wait_for_timeout(2000)\n>       expect(page.locator(\"data-testid=history\")).to_be_visible(timeout=100000)\nE       AssertionError: Locator expected to be visible\nE       Actual value: <element(s) not found> \nE       Call log:\nE         - LocatorAssertions.to_be_visible with timeout 100000ms\nE         -   - waiting for locator(\"data-testid=history\")\n\nhelpers\\order_status_utils.py:243: AssertionError"}, "teardown": {"duration": 0.021071100025437772, "outcome": "passed"}}, {"nodeid": "tests/test_Bay_order_status_batch.py::test_receive_without_tracking", "lineno": 167, "outcome": "failed", "keywords": ["test_receive_without_tracking", "test_Bay_order_status_batch.py", "tests", "Bay", ""], "setup": {"duration": 0.07314039999619126, "outcome": "passed"}, "call": {"duration": 116.52122950006742, "outcome": "failed", "crash": {"path": "C:\\Users\\kjeon\\OneDrive\\Desktop\\QA\\Bay\\helpers\\order_status_utils.py", "lineno": 243, "message": "AssertionError: Locator expected to be visible\nActual value: <element(s) not found> \nCall log:\n  - LocatorAssertions.to_be_visible with timeout 100000ms\n  -   - waiting for locator(\"data-testid=history\")"}, "traceback": [{"path": "tests\\test_Bay_order_status_batch.py", "lineno": 176, "message": ""}, {"path": "helpers\\order_status_utils.py", "lineno": 243, "message": "AssertionError"}], "longrepr": "page = <Page url='https://stg.bay.centurion.ai.kr/orders/history?start_date=2025-08-28&end_date=2025-08-28&order_status=PENDING&product_name=%EC%9E%90%EB%8F%99%ED%99%94%EC%A0%9C%ED%92%88_6&page=1'>\n\n    def test_receive_without_tracking(page:Page):\n    \n        # \ub300\ud45c \ub0b4\uc5ed \ud655\uc778 \ud6c4 order_id \ucd94\ucd9c\n        products = [\"\uc790\ub3d9\ud654\uc81c\ud488_4\", \"\uc790\ub3d9\ud654\uc81c\ud488_5\", \"\uc790\ub3d9\ud654\uc81c\ud488_6\"]\n    \n        bay_login(page)\n        page.goto(URLS[\"bay_orderList\"])\n        page.wait_for_timeout(2000)\n>       search_order_history(page, product_list[5], \"\ubc1c\uc8fc \uc694\uccad\")\n\ntests\\test_Bay_order_status_batch.py:176: \n_ _ _ _ _ _ _ _ _ _ _ _ _ _ _ _ _ _ _ _ _ _ _ _ _ _ _ _ _ _ _ _ _ _ _ _ _ _ _ _\n\npage = <Page url='https://stg.bay.centurion.ai.kr/orders/history?start_date=2025-08-28&end_date=2025-08-28&order_status=PENDING&product_name=%EC%9E%90%EB%8F%99%ED%99%94%EC%A0%9C%ED%92%88_6&page=1'>\nproduct_name = '\uc790\ub3d9\ud654\uc81c\ud488_6', status = '\ubc1c\uc8fc \uc694\uccad'\n\n    def search_order_history(page:Page, product_name: str, status:str):\n        today_btn_id = datetime.now().strftime(\"btn_day_%m%d\")  # \uc608: btn_day_0710\n        # \uc2dc\uc791\uc77c \uc120\ud0dd\n        page.locator(\"[data-testid=select_startday]\").click()\n        page.wait_for_timeout(1000)\n        page.locator(f\"[data-testid={today_btn_id}]\").click()\n        page.wait_for_timeout(1000)\n        # \uc885\ub8cc\uc77c \uc120\ud0dd\n        page.locator(\"[data-testid=select_endday]\").click()\n        page.wait_for_timeout(1000)\n        page.locator(f\"[data-testid={today_btn_id}]\").click()\n        page.wait_for_timeout(1000)\n        # \uc0c1\ud0dc \uc120\ud0dd\n        expect(page.locator(\"data-testid=drop_status_trigger\")).to_be_visible(timeout=8000)\n        page.locator(\"data-testid=drop_status_trigger\").click()\n        expect(page.locator(\"data-testid=drop_status_item\")).to_be_visible(timeout=5000)\n        page.locator('[role=\"option\"]').filter(has_text=status).click()\n        page.wait_for_timeout(1000)\n        # \uc81c\ud488\uba85 \uc785\ub825\n        page.locator(\"data-testid=input_search\").fill(product_name)\n        page.wait_for_timeout(1000)\n        # \uac80\uc0c9 \ubc84\ud2bc \ud074\ub9ad\n        page.locator(\"[data-testid=btn_search]\").click()\n        page.wait_for_timeout(2000)\n>       expect(page.locator(\"data-testid=history\")).to_be_visible(timeout=100000)\nE       AssertionError: Locator expected to be visible\nE       Actual value: <element(s) not found> \nE       Call log:\nE         - LocatorAssertions.to_be_visible with timeout 100000ms\nE         -   - waiting for locator(\"data-testid=history\")\n\nhelpers\\order_status_utils.py:243: AssertionError"}, "teardown": {"duration": 0.017087800079025328, "outcome": "passed"}}, {"nodeid": "tests/test_Bay_order_status_batch.py::test_receive_with_tracking", "lineno": 277, "outcome": "failed", "keywords": ["test_receive_with_tracking", "test_Bay_order_status_batch.py", "tests", "Bay", ""], "setup": {"duration": 0.08258410007692873, "outcome": "passed"}, "call": {"duration": 116.60269590001553, "outcome": "failed", "crash": {"path": "C:\\Users\\kjeon\\OneDrive\\Desktop\\QA\\Bay\\helpers\\order_status_utils.py", "lineno": 243, "message": "AssertionError: Locator expected to be visible\nActual value: <element(s) not found> \nCall log:\n  - LocatorAssertions.to_be_visible with timeout 100000ms\n  -   - waiting for locator(\"data-testid=history\")"}, "traceback": [{"path": "tests\\test_Bay_order_status_batch.py", "lineno": 284, "message": ""}, {"path": "helpers\\order_status_utils.py", "lineno": 243, "message": "AssertionError"}], "longrepr": "page = <Page url='https://stg.bay.centurion.ai.kr/orders/history?start_date=2025-08-28&end_date=2025-08-28&order_status=PENDING&product_name=%EC%9E%90%EB%8F%99%ED%99%94%EC%A0%9C%ED%92%88_9&page=1'>\n\n    def test_receive_with_tracking(page:Page):\n        products = [\"\uc790\ub3d9\ud654\uc81c\ud488_7\", \"\uc790\ub3d9\ud654\uc81c\ud488_8\", \"\uc790\ub3d9\ud654\uc81c\ud488_9\"]\n    \n        bay_login(page)\n        page.goto(URLS[\"bay_orderList\"])\n        page.wait_for_timeout(2000)\n>       search_order_history(page, product_list[8], \"\ubc1c\uc8fc \uc694\uccad\")\n\ntests\\test_Bay_order_status_batch.py:284: \n_ _ _ _ _ _ _ _ _ _ _ _ _ _ _ _ _ _ _ _ _ _ _ _ _ _ _ _ _ _ _ _ _ _ _ _ _ _ _ _\n\npage = <Page url='https://stg.bay.centurion.ai.kr/orders/history?start_date=2025-08-28&end_date=2025-08-28&order_status=PENDING&product_name=%EC%9E%90%EB%8F%99%ED%99%94%EC%A0%9C%ED%92%88_9&page=1'>\nproduct_name = '\uc790\ub3d9\ud654\uc81c\ud488_9', status = '\ubc1c\uc8fc \uc694\uccad'\n\n    def search_order_history(page:Page, product_name: str, status:str):\n        today_btn_id = datetime.now().strftime(\"btn_day_%m%d\")  # \uc608: btn_day_0710\n        # \uc2dc\uc791\uc77c \uc120\ud0dd\n        page.locator(\"[data-testid=select_startday]\").click()\n        page.wait_for_timeout(1000)\n        page.locator(f\"[data-testid={today_btn_id}]\").click()\n        page.wait_for_timeout(1000)\n        # \uc885\ub8cc\uc77c \uc120\ud0dd\n        page.locator(\"[data-testid=select_endday]\").click()\n        page.wait_for_timeout(1000)\n        page.locator(f\"[data-testid={today_btn_id}]\").click()\n        page.wait_for_timeout(1000)\n        # \uc0c1\ud0dc \uc120\ud0dd\n        expect(page.locator(\"data-testid=drop_status_trigger\")).to_be_visible(timeout=8000)\n        page.locator(\"data-testid=drop_status_trigger\").click()\n        expect(page.locator(\"data-testid=drop_status_item\")).to_be_visible(timeout=5000)\n        page.locator('[role=\"option\"]').filter(has_text=status).click()\n        page.wait_for_timeout(1000)\n        # \uc81c\ud488\uba85 \uc785\ub825\n        page.locator(\"data-testid=input_search\").fill(product_name)\n        page.wait_for_timeout(1000)\n        # \uac80\uc0c9 \ubc84\ud2bc \ud074\ub9ad\n        page.locator(\"[data-testid=btn_search]\").click()\n        page.wait_for_timeout(2000)\n>       expect(page.locator(\"data-testid=history\")).to_be_visible(timeout=100000)\nE       AssertionError: Locator expected to be visible\nE       Actual value: <element(s) not found> \nE       Call log:\nE         - LocatorAssertions.to_be_visible with timeout 100000ms\nE         -   - waiting for locator(\"data-testid=history\")\n\nhelpers\\order_status_utils.py:243: AssertionError"}, "teardown": {"duration": 0.10345429996959865, "outcome": "passed"}}]}