[
  {
    "name": "[자동화][로그인] 로그인 확인 테스트 실패",
    "file": "tests/test_Bay_login.py",
    "status": "PASS",
    "message": "테스트 성공",
    "stack_summary": ""
  },
  {
    "name": "[자동화][기타] 공통 토스트 팝업 및 검색 기능 확인 테스트 실패",
    "file": "tests/test_Bay_alert.py",
    "status": "FAIL",
    "message": "FAILED tests/test_Bay_alert.py::test_check_alert - AssertionError: Locator ex...",
    "stack_summary": " → ============================= 1 failed in 55.74s =============================="
  },
  {
    "name": "[자동화][업체관리] 업체 등록 확인 테스트 실패",
    "file": "tests/test_Bay_supplier.py",
    "status": "PASS",
    "message": "테스트 성공",
    "stack_summary": ""
  },
  {
    "name": "[자동화][업체관리] 업체 등록 유효성 검사 테스트 실패",
    "file": "tests/test_Bay_supplier_val.py",
    "status": "PASS",
    "message": "테스트 성공",
    "stack_summary": ""
  },
  {
    "name": "[자동화][기타] 카테고리 등록 확인 테스트 실패",
    "file": "tests/test_Bay_prdctg.py",
    "status": "FAIL",
    "message": "- LocatorAssertions.to_be_visible with timeout 3000ms",
    "stack_summary": " → ======================== 1 failed, 2 passed in 53.75s ========================="
  },
  {
    "name": "[자동화][기타] test_Bay_prdctg_val 테스트 실패",
    "file": "tests/test_Bay_prdctg_val.py",
    "status": "PASS",
    "message": "테스트 성공",
    "stack_summary": ""
  },
  {
    "name": "[자동화][기타] test_Bay_prdctg_edit 테스트 실패",
    "file": "tests/test_Bay_prdctg_edit.py",
    "status": "PASS",
    "message": "테스트 성공",
    "stack_summary": ""
  },
  {
    "name": "[자동화][기타] 카테고리 삭제 확인 테스트 실패",
    "file": "tests/test_Bay_prdctg_delete.py",
    "status": "FAIL",
    "message": "tests\\test_Bay_prdctg_delete.py:55: Exception",
    "stack_summary": " → ======================== 1 failed, 2 passed in 33.48s ========================="
  },
  {
    "name": "[자동화][제품관리] 제품 등록 확인 테스트 실패",
    "file": "tests/test_Bay_product.py",
    "status": "PASS",
    "message": "테스트 성공",
    "stack_summary": ""
  },
  {
    "name": "[자동화][제품관리] 제품 등록 유효성 검사 테스트 실패",
    "file": "tests/test_Bay_product_val.py",
    "status": "PASS",
    "message": "테스트 성공",
    "stack_summary": ""
  },
  {
    "name": "[자동화][제품관리] 제품 수정 확인 테스트 실패",
    "file": "tests/test_Bay_product_edit.py",
    "status": "PASS",
    "message": "테스트 성공",
    "stack_summary": ""
  },
  {
    "name": "[자동화][제품관리] 제품 삭제 확인 테스트 실패",
    "file": "tests/test_Bay_product_delete.py",
    "status": "PASS",
    "message": "테스트 성공",
    "stack_summary": ""
  },
  {
    "name": "[자동화][재고관리] 재고 입고 확인 테스트 실패",
    "file": "tests/test_Bay_stock_in.py",
    "status": "PASS",
    "message": "테스트 성공",
    "stack_summary": ""
  },
  {
    "name": "[자동화][재고관리] 재고 출고 확인 테스트 실패",
    "file": "tests/test_Bay_stock_out.py",
    "status": "PASS",
    "message": "테스트 성공",
    "stack_summary": ""
  },
  {
    "name": "[자동화][발주관리] 발주 취소 상태 확인 테스트 실패",
    "file": "tests/test_Bay_order_status_request_cancel.py",
    "status": "PASS",
    "message": "테스트 성공",
    "stack_summary": ""
  },
  {
    "name": "[자동화][발주관리] 발주 요청 상태 확인 테스트 실패",
    "file": "tests/test_Bay_order_status_request.py",
    "status": "PASS",
    "message": "테스트 성공",
    "stack_summary": ""
  },
  {
    "name": "[자동화][발주관리] 발주 진행 상태에서 운송장 등록 확인 테스트 실패",
    "file": "tests/test_Bay_order_status_progress_delivery.py",
    "status": "PASS",
    "message": "테스트 성공",
    "stack_summary": ""
  },
  {
    "name": "[자동화][발주관리] 발주 진행 상태에서 수령 확인 테스트 실패",
    "file": "tests/test_Bay_order_status_progress_complete.py",
    "status": "PASS",
    "message": "테스트 성공",
    "stack_summary": ""
  },
  {
    "name": "[자동화][발주관리] 배송 진행 상태 확인 테스트 실패",
    "file": "tests/test_Bay_order_status_delivery.py",
    "status": "FAIL",
    "message": "\\U0001f50d \\uac80\\uc0c9\\ub41c \\uc81c\\ud488\\uba85: \\ub4f1\\ub85d\\ud14c\\uc2a4\\ud2b8_0718_16\\n\\u2705 \\ucc3e\\uc740 order_id: 160\\n\\uc0c1\\ud0dc: \\ubc30\\uc1a1",
    "stack_summary": " → ============================= 1 failed in 26.24s =============================="
  },
  {
    "name": "[자동화][발주관리] 수령 완료 상태 확인 테스트 실패",
    "file": "tests/test_Bay_order_status_complete.py",
    "status": "FAIL",
    "message": "\\u274c Error in test_order_status_complete: '\\uc218\\ub839 \\uc644\\ub8cc(\\ubc30\\uc1a1\\ud6c4)' \\uc0c1\\ud0dc\\uc758 \\uc81c\\ud488\\uc774 \\uc5c6\\uc2b5\\ub2c8\\ub2e4.",
    "stack_summary": " → ============================== 2 failed in 1.03s =============================="
  },
  {
    "name": "[자동화][발주관리] 발주 실패 상태 확인 테스트 실패",
    "file": "tests/test_Bay_order_status_fail.py",
    "status": "PASS",
    "message": "테스트 성공",
    "stack_summary": ""
  },
  {
    "name": "[자동화][재고관리] 재고 내역 확인 테스트 실패",
    "file": "tests/test_Bay_stock_history.py",
    "status": "PASS",
    "message": "테스트 성공",
    "stack_summary": ""
  }
]